2021-12-01 01:29:11.148 PM		Warning	Settings not found => a new settings file has been created!
2021-12-01 02:03:23.240 PM	NLC Dev	Warning	Settings not found => a new settings file has been created!
2021-12-01 02:03:23.496 PM	NLC Dev	Warning	Settings not found => a new settings file has been created!
2021-12-01 04:05:57.073 PM	NLC Dev	Warning	Settings not found => a new settings file has been created!
2021-12-01 04:05:57.401 PM	NLC Dev	Warning	Settings not found => a new settings file has been created!
2021-12-01 04:11:10.319 PM	NLC Dev	Warning	Settings not found => a new settings file has been created!
2021-12-01 04:11:11.863 PM	NLC Dev	Warning	Settings not found => a new settings file has been created!
2021-12-01 04:22:40.393 PM		Warning	Settings not found => a new settings file has been created!
2021-12-01 04:51:09.194 PM		Warning	Settings not found => a new settings file has been created!
2021-12-01 04:52:03.736 PM		Warning	Settings not found => a new settings file has been created!
2021-12-01 04:53:38.980 PM		Warning	Settings not found => a new settings file has been created!
2021-12-01 04:54:36.976 PM		Warning	Settings not found => a new settings file has been created!
2021-12-01 04:55:38.185 PM		Warning	Settings not found => a new settings file has been created!
2021-12-01 04:56:04.060 PM		Warning	Settings not found => a new settings file has been created!
2021-12-01 05:01:40.850 PM		Warning	Settings not found => a new settings file has been created!
2021-12-01 05:14:17.034 PM		Warning	Settings not found => a new settings file has been created!
2021-12-01 05:14:25.811 PM	NLC Dev	Info	Connection has changed to: https://nlcdevelopment.crm11.dynamics.com
2021-12-01 05:17:53.500 PM	NLC Dev	Warning	Settings not found => a new settings file has been created!
2021-12-01 05:17:53.782 PM	NLC Dev	Warning	Settings not found => a new settings file has been created!
2021-12-01 05:27:21.445 PM	NLC Dev	Warning	Settings not found => a new settings file has been created!
2021-12-01 05:27:21.738 PM	NLC Dev	Warning	Settings not found => a new settings file has been created!
2021-12-01 05:30:21.375 PM	NLC Dev	Warning	Settings not found => a new settings file has been created!
2021-12-01 05:30:21.680 PM	NLC Dev	Warning	Settings not found => a new settings file has been created!
2021-12-01 05:32:59.803 PM	NLC Dev	Warning	Settings not found => a new settings file has been created!
2021-12-01 05:33:00.155 PM	NLC Dev	Warning	Settings not found => a new settings file has been created!
2021-12-01 05:37:28.530 PM	NLC Dev	Warning	Settings not found => a new settings file has been created!
2021-12-01 05:37:28.833 PM	NLC Dev	Warning	Settings not found => a new settings file has been created!
2021-12-01 05:38:31.920 PM	NLC Dev	Warning	Settings not found => a new settings file has been created!
2021-12-01 05:38:32.244 PM	NLC Dev	Warning	Settings not found => a new settings file has been created!
2021-12-02 09:54:44.147 AM	NLC Dev	Warning	Settings not found => a new settings file has been created!
2021-12-02 09:54:44.415 AM	NLC Dev	Warning	Settings not found => a new settings file has been created!
2021-12-02 09:55:29.177 AM	NLC Dev	Warning	Settings not found => a new settings file has been created!
2021-12-02 09:55:29.455 AM	NLC Dev	Warning	Settings not found => a new settings file has been created!
2021-12-02 10:00:21.056 AM	NLC Dev	Warning	Settings not found => a new settings file has been created!
2021-12-02 10:00:21.276 AM	NLC Dev	Warning	Settings not found => a new settings file has been created!
2021-12-02 10:00:51.991 AM	Mayank-SDM	Info	Connection has changed to: https://sdmsols.crm11.dynamics.com
2021-12-02 10:00:52.019 AM	Mayank-SDM	Info	Connection has changed to: https://sdmsols.crm11.dynamics.com
2021-12-02 10:03:33.238 AM	Mayank-MPEnv	Warning	Settings not found => a new settings file has been created!
2021-12-02 10:03:33.503 AM	Mayank-MPEnv	Warning	Settings not found => a new settings file has been created!
2021-12-02 10:04:39.695 AM	Mayank-MPEnv	Warning	Settings not found => a new settings file has been created!
2021-12-02 10:04:39.983 AM	Mayank-MPEnv	Warning	Settings not found => a new settings file has been created!
2021-12-02 10:06:37.766 AM	Mayank-MPEnv	Warning	Settings not found => a new settings file has been created!
2021-12-02 10:06:37.990 AM	Mayank-MPEnv	Warning	Settings not found => a new settings file has been created!
2021-12-02 10:15:10.177 AM	Mayank-MPEnv	Warning	Settings not found => a new settings file has been created!
2021-12-02 10:15:10.435 AM	Mayank-MPEnv	Warning	Settings not found => a new settings file has been created!
2021-12-02 10:17:42.411 AM	Mayank-MPEnv	Warning	Settings not found => a new settings file has been created!
2021-12-02 10:17:42.719 AM	Mayank-MPEnv	Warning	Settings not found => a new settings file has been created!
2021-12-02 10:18:20.391 AM		Warning	Settings not found => a new settings file has been created!
2021-12-02 10:18:28.429 AM	Mayank-MPEnv	Info	Connection has changed to: https://orgc8c13274.crm11.dynamics.com
2021-12-02 10:40:53.309 AM	Mayank-MPEnv	Warning	Settings not found => a new settings file has been created!
2021-12-02 10:40:53.610 AM	Mayank-MPEnv	Warning	Settings not found => a new settings file has been created!
2021-12-02 10:44:45.180 AM	NLCUAT	Warning	Settings not found => a new settings file has been created!
2021-12-02 10:44:45.456 AM	NLCUAT	Warning	Settings not found => a new settings file has been created!
